<?xml version="1.0" encoding="UTF-8"?>
<!-- Generated by org.testng.reporters.JUnitReportReporter -->
<testsuite skipped="1" hostname="dmitry" name="test.Singin" tests="2" failures="0" timestamp="2021-04-13T10:19:21 IDT" time="15.161" errors="0">
  <testcase name="singwindow" time="15.161" classname="test.Singin"/>
  <system-out/>
  <testcase name="facebooksingin" classname="test.Singin">
    <skipped/>
  </testcase> <!-- facebooksingin -->
  <system-out/>
</testsuite> <!-- test.Singin -->
