<?xml version="1.0" encoding="UTF-8"?>
<!-- Generated by org.testng.reporters.JUnitReportReporter -->
<testsuite skipped="0" hostname="dmitry" name="test.RestoranSearch" tests="3" failures="0" timestamp="2021-04-18T14:07:10 IDT" time="29.872" errors="0">
  <testcase name="SingFacebook" time="10.553" classname="test.RestoranSearch"/>
  <system-out/>
  <testcase name="restorantseartch" time="7.154" classname="test.RestoranSearch"/>
  <system-out/>
  <testcase name="adddish" time="12.165" classname="test.RestoranSearch"/>
  <system-out/>
</testsuite> <!-- test.RestoranSearch -->
