<?xml version="1.0" encoding="UTF-8"?>
<!-- Generated by org.testng.reporters.JUnitReportReporter -->
<testsuite skipped="0" hostname="dmitry" name="test.Liggin_Error" tests="1" failures="0" timestamp="2021-04-21T07:42:27 IDT" time="7.206" errors="0">
  <testcase name="error" time="7.206" classname="test.Liggin_Error"/>
  <system-out/>
</testsuite> <!-- test.Liggin_Error -->
