<?xml version="1.0" encoding="UTF-8"?>
<!-- Generated by org.testng.reporters.JUnitReportReporter -->
<testsuite skipped="0" hostname="dmitry" name="test.payonnerreg" tests="3" failures="0" timestamp="2021-03-18T12:35:23 IST" time="31.233" errors="0">
  <testcase name="goregister" time="23.337" classname="test.payonnerreg"/>
  <system-out/>
  <testcase name="choosesupplier" time="3.118" classname="test.payonnerreg"/>
  <system-out/>
  <testcase name="register" time="4.778" classname="test.payonnerreg"/>
  <system-out/>
</testsuite> <!-- test.payonnerreg -->
