<?xml version="1.0" encoding="UTF-8"?>
<!-- Generated by org.testng.reporters.JUnitReportReporter -->
<testsuite skipped="0" hostname="dmitry" name="test.registration" tests="4" failures="0" timestamp="2021-04-08T14:05:56 IDT" time="10.485" errors="0">
  <testcase name="goregister" time="1.336" classname="test.registration"/>
  <system-out/>
  <testcase name="data" time="7.987" classname="test.registration"/>
  <system-out/>
  <testcase name="confirm_checkbox" time="0.601" classname="test.registration"/>
  <system-out/>
  <testcase name="Submit" time="0.561" classname="test.registration"/>
  <system-out/>
</testsuite> <!-- test.registration -->
